Compiling the C compiler identification source file "CMakeCCompilerId.c" failed.
Compiler: C:/IntelCoFluentStudio_v8.1.0/plugins/com.cofluent.studio.mingw_8.1.0.52/mingw-gcc-9.2.0/bin/g++.exe 
Build flags: 
Id flags:  

The output was:
1
CMakeCCompilerId.c:2:3: error: #error "A C++ compiler has been selected for C."
    2 | # error "A C++ compiler has been selected for C."
      |   ^~~~~


Compiling the C compiler identification source file "CMakeCCompilerId.c" failed.
Compiler: C:/IntelCoFluentStudio_v8.1.0/plugins/com.cofluent.studio.mingw_8.1.0.52/mingw-gcc-9.2.0/bin/g++.exe 
Build flags: 
Id flags: -c 

The output was:
1
CMakeCCompilerId.c:2:3: error: #error "A C++ compiler has been selected for C."
    2 | # error "A C++ compiler has been selected for C."
      |   ^~~~~


Compiling the C compiler identification source file "CMakeCCompilerId.c" failed.
Compiler: C:/IntelCoFluentStudio_v8.1.0/plugins/com.cofluent.studio.mingw_8.1.0.52/mingw-gcc-9.2.0/bin/g++.exe 
Build flags: 
Id flags: -Aa 

The output was:
1
<command-line>: error: missing '(' after predicate
CMakeCCompilerId.c:2:3: error: #error "A C++ compiler has been selected for C."
    2 | # error "A C++ compiler has been selected for C."
      |   ^~~~~


Compiling the C compiler identification source file "CMakeCCompilerId.c" failed.
Compiler: C:/IntelCoFluentStudio_v8.1.0/plugins/com.cofluent.studio.mingw_8.1.0.52/mingw-gcc-9.2.0/bin/g++.exe 
Build flags: 
Id flags: -D__CLASSIC_C__ 

The output was:
1
CMakeCCompilerId.c:2:3: error: #error "A C++ compiler has been selected for C."
    2 | # error "A C++ compiler has been selected for C."
      |   ^~~~~
CMakeCCompilerId.c:321:29: warning: ISO C++ forbids converting a string constant to 'char*' [-Wwrite-strings]
  321 | char const* info_compiler = "INFO" ":" "compiler[" COMPILER_ID "]";
      |                             ^~~~~~~~~~~~~~~~~~~~~~~~~~~~~~~~~~~~~~
CMakeCCompilerId.c:617:29: warning: ISO C++ forbids converting a string constant to 'char*' [-Wwrite-strings]
  617 | char const* info_platform = "INFO" ":" "platform[" PLATFORM_ID "]";
      |                             ^~~~~~~~~~~~~~~~~~~~~~~~~~~~~~~~~~~~~~
CMakeCCompilerId.c:618:25: warning: ISO C++ forbids converting a string constant to 'char*' [-Wwrite-strings]
  618 | char const* info_arch = "INFO" ":" "arch[" ARCHITECTURE_ID "]";
      |                         ^~~~~~~~~~~~~~~~~~~~~~~~~~~~~~~~~~~~~~
CMakeCCompilerId.c:638:3: warning: ISO C++ forbids converting a string constant to 'char*' [-Wwrite-strings]
  638 |   "INFO" ":" "dialect_default[" C_DIALECT "]";
      |   ^~~~~~~~~~~~~~~~~~~~~~~~~~~~~~~~~~~~~~~~~~~
CMakeCCompilerId.c:646:10: error: cannot declare '::main' to be a global variable
  646 | int main(argc, argv) int argc; char *argv[];
      |          ^~~~
CMakeCCompilerId.c:646:10: error: 'argc' was not declared in this scope
CMakeCCompilerId.c:646:16: error: 'argv' was not declared in this scope
  646 | int main(argc, argv) int argc; char *argv[];
      |                ^~~~
CMakeCCompilerId.c:646:20: error: expression list treated as compound expression in initializer [-fpermissive]
  646 | int main(argc, argv) int argc; char *argv[];
      |                    ^
CMakeCCompilerId.c:646:38: error: storage size of 'argv' isn't known
  646 | int main(argc, argv) int argc; char *argv[];
      |                                      ^~~~
CMakeCCompilerId.c:650:1: error: expected unqualified-id before '{' token
  650 | {
      | ^


Compiling the C compiler identification source file "CMakeCCompilerId.c" failed.
Compiler: C:/IntelCoFluentStudio_v8.1.0/plugins/com.cofluent.studio.mingw_8.1.0.52/mingw-gcc-9.2.0/bin/g++.exe 
Build flags: 
Id flags: --target=arm-arm-none-eabi;-mcpu=cortex-m3 

The output was:
1
g++.exe: warning: '-mcpu=' is deprecated; use '-mtune=' or '-march=' instead
g++.exe: error: unrecognized command line option '--target=arm-arm-none-eabi'


Compiling the C compiler identification source file "CMakeCCompilerId.c" failed.
Compiler: C:/IntelCoFluentStudio_v8.1.0/plugins/com.cofluent.studio.mingw_8.1.0.52/mingw-gcc-9.2.0/bin/g++.exe 
Build flags: 
Id flags:  

The output was:
1
CMakeCCompilerId.c:2:3: error: #error "A C++ compiler has been selected for C."
    2 | # error "A C++ compiler has been selected for C."
      |   ^~~~~


Compiling the C compiler identification source file "CMakeCCompilerId.c" failed.
Compiler: C:/IntelCoFluentStudio_v8.1.0/plugins/com.cofluent.studio.mingw_8.1.0.52/mingw-gcc-9.2.0/bin/g++.exe 
Build flags: 
Id flags: -c 

The output was:
1
CMakeCCompilerId.c:2:3: error: #error "A C++ compiler has been selected for C."
    2 | # error "A C++ compiler has been selected for C."
      |   ^~~~~


Compiling the C compiler identification source file "CMakeCCompilerId.c" failed.
Compiler: C:/IntelCoFluentStudio_v8.1.0/plugins/com.cofluent.studio.mingw_8.1.0.52/mingw-gcc-9.2.0/bin/g++.exe 
Build flags: 
Id flags: -Aa 

The output was:
1
<command-line>: error: missing '(' after predicate
CMakeCCompilerId.c:2:3: error: #error "A C++ compiler has been selected for C."
    2 | # error "A C++ compiler has been selected for C."
      |   ^~~~~


Compiling the C compiler identification source file "CMakeCCompilerId.c" failed.
Compiler: C:/IntelCoFluentStudio_v8.1.0/plugins/com.cofluent.studio.mingw_8.1.0.52/mingw-gcc-9.2.0/bin/g++.exe 
Build flags: 
Id flags: -D__CLASSIC_C__ 

The output was:
1
CMakeCCompilerId.c:2:3: error: #error "A C++ compiler has been selected for C."
    2 | # error "A C++ compiler has been selected for C."
      |   ^~~~~
CMakeCCompilerId.c:321:29: warning: ISO C++ forbids converting a string constant to 'char*' [-Wwrite-strings]
  321 | char const* info_compiler = "INFO" ":" "compiler[" COMPILER_ID "]";
      |                             ^~~~~~~~~~~~~~~~~~~~~~~~~~~~~~~~~~~~~~
CMakeCCompilerId.c:617:29: warning: ISO C++ forbids converting a string constant to 'char*' [-Wwrite-strings]
  617 | char const* info_platform = "INFO" ":" "platform[" PLATFORM_ID "]";
      |                             ^~~~~~~~~~~~~~~~~~~~~~~~~~~~~~~~~~~~~~
CMakeCCompilerId.c:618:25: warning: ISO C++ forbids converting a string constant to 'char*' [-Wwrite-strings]
  618 | char const* info_arch = "INFO" ":" "arch[" ARCHITECTURE_ID "]";
      |                         ^~~~~~~~~~~~~~~~~~~~~~~~~~~~~~~~~~~~~~
CMakeCCompilerId.c:638:3: warning: ISO C++ forbids converting a string constant to 'char*' [-Wwrite-strings]
  638 |   "INFO" ":" "dialect_default[" C_DIALECT "]";
      |   ^~~~~~~~~~~~~~~~~~~~~~~~~~~~~~~~~~~~~~~~~~~
CMakeCCompilerId.c:646:10: error: cannot declare '::main' to be a global variable
  646 | int main(argc, argv) int argc; char *argv[];
      |          ^~~~
CMakeCCompilerId.c:646:10: error: 'argc' was not declared in this scope
CMakeCCompilerId.c:646:16: error: 'argv' was not declared in this scope
  646 | int main(argc, argv) int argc; char *argv[];
      |                ^~~~
CMakeCCompilerId.c:646:20: error: expression list treated as compound expression in initializer [-fpermissive]
  646 | int main(argc, argv) int argc; char *argv[];
      |                    ^
CMakeCCompilerId.c:646:38: error: storage size of 'argv' isn't known
  646 | int main(argc, argv) int argc; char *argv[];
      |                                      ^~~~
CMakeCCompilerId.c:650:1: error: expected unqualified-id before '{' token
  650 | {
      | ^


Compiling the C compiler identification source file "CMakeCCompilerId.c" failed.
Compiler: C:/IntelCoFluentStudio_v8.1.0/plugins/com.cofluent.studio.mingw_8.1.0.52/mingw-gcc-9.2.0/bin/g++.exe 
Build flags: 
Id flags: --target=arm-arm-none-eabi;-mcpu=cortex-m3 

The output was:
1
g++.exe: warning: '-mcpu=' is deprecated; use '-mtune=' or '-march=' instead
g++.exe: error: unrecognized command line option '--target=arm-arm-none-eabi'


Checking whether the C compiler is IAR using "" did not match "IAR .+ Compiler":
g++.exe: fatal error: no input files
compilation terminated.
Checking whether the C compiler is IAR using "" did not match "IAR .+ Compiler":
g++.exe: fatal error: no input files
compilation terminated.
